Added Component: Designator=BT?(CR1220)
Added Component: Designator=BZ?(BEEZ)
Added Component: Designator=C?(SMT_CAP_DAN)
Added Component: Designator=C?(SMT0805)
Added Component: Designator=C?(SMT0805)
Added Component: Designator=C?(470/50V)
Added Component: Designator=C?(470/50V)
Added Component: Designator=C?(SMT0805)
Added Component: Designator=C?(SMT0805)
Added Component: Designator=C?(SMT0805)
Added Component: Designator=C?(SMT_CAP_DAN)
Added Component: Designator=C?(330/25V)
Added Component: Designator=C?(470/50V)
Added Component: Designator=C?(SMT0805)
Added Component: Designator=C?(SMT0805)
Added Component: Designator=C?(SMT0805)
Added Component: Designator=C?(SMT0805)
Added Component: Designator=C?(RAD-0.2)
Added Component: Designator=C?(SMT0805)
Added Component: Designator=C?(SMT0805)
Added Component: Designator=C?(SMT0805)
Added Component: Designator=C?(SMT0805)
Added Component: Designator=C?(SMT_CAP_DAN)
Added Component: Designator=C?(SMT_CAP_DAN)
Added Component: Designator=C?(SMT0805)
Added Component: Designator=C?(SMT0805)
Added Component: Designator=C?(SMT0805)
Added Component: Designator=C?(SMT0805)
Added Component: Designator=C?(SMT0805)
Added Component: Designator=C?(SMT0805)
Added Component: Designator=C?(SMT0805)
Added Component: Designator=C?(SMT0805)
Added Component: Designator=C?(SMT0805)
Added Component: Designator=C?(SMT0805)
Added Component: Designator=D?(LED-1)
Added Component: Designator=D?(LED-1)
Added Component: Designator=D?(LED-1)
Added Component: Designator=D?(LED-1)
Added Component: Designator=D?(FR107)
Added Component: Designator=D?(LED-RGB)
Added Component: Designator=D?(FR107)
Added Component: Designator=J?(DC)
Added Component: Designator=J?(HEAD_DIP4)
Added Component: Designator=JTAG?(HDR2X10)
Added Component: Designator=L?(L)
Added Component: Designator=L?(L)
Added Component: Designator=Q?(SOP-23)
Added Component: Designator=Q?(SOP-23)
Added Component: Designator=Q?(SOP-23)
Added Component: Designator=Q?(SOP-23)
Added Component: Designator=Q?(SOP-23)
Added Component: Designator=Q?(SOP-23)
Added Component: Designator=Q?(SOP-23)
Added Component: Designator=Q?(SOP-23)
Added Component: Designator=Q?(SOP-23)
Added Component: Designator=Q?(SOP-23)
Added Component: Designator=Q?(SOP-23)
Added Component: Designator=Q?(SOP-23)
Added Component: Designator=Q?(SOP-23)
Added Component: Designator=Q?(SOP-23)
Added Component: Designator=Q?(SOP-23)
Added Component: Designator=Q?(SOP-23)
Added Component: Designator=Q?(SOP-23)
Added Component: Designator=Q?(SOP-23)
Added Component: Designator=Q?(SOP-23)
Added Component: Designator=Q?(SOP-23)
Added Component: Designator=Q?(SOP-23)
Added Component: Designator=Q?(SOP-23)
Added Component: Designator=Q?(SOP-23)
Added Component: Designator=Q?(SOP-23)
Added Component: Designator=Q?(SOP-23)
Added Component: Designator=Q?(SOP-23)
Added Component: Designator=Q?(SOP-23)
Added Component: Designator=Q?(SOP-23)
Added Component: Designator=Q?(SOP-23)
Added Component: Designator=Q?(SOP-23)
Added Component: Designator=Q?(SOP-23)
Added Component: Designator=Q?(SOP-23)
Added Component: Designator=Q?(SOP-23)
Added Component: Designator=Q?(SOP-23)
Added Component: Designator=Q?(SOP-23)
Added Component: Designator=Q?(SOP-23)
Added Component: Designator=Q?(SOP-23)
Added Component: Designator=Q?(SOP-23)
Added Component: Designator=Q?(SOP-23)
Added Component: Designator=Q?(SOP-23)
Added Component: Designator=Q?(BCY-W3/B.8)
Added Component: Designator=Q?(SOP-23)
Added Component: Designator=Q?(SOP-23)
Added Component: Designator=Q?(SOP-23)
Added Component: Designator=Q?(SOP-23)
Added Component: Designator=Q?(SOP-23)
Added Component: Designator=Q?(SOP-23)
Added Component: Designator=Q?(SOP-23)
Added Component: Designator=Q?(SOP-23)
Added Component: Designator=Q?(SOP-23)
Added Component: Designator=Q?(SOP-23)
Added Component: Designator=Q?(SOP-23)
Added Component: Designator=Q?(SOP-23)
Added Component: Designator=Q?(SOP-23)
Added Component: Designator=Q?(SOP-23)
Added Component: Designator=Q?(SOP-23)
Added Component: Designator=Q?(SOP-23)
Added Component: Designator=Q?(SOP-23)
Added Component: Designator=Q?(SOP-23)
Added Component: Designator=Q?(SOP-23)
Added Component: Designator=Q?(SOP-23)
Added Component: Designator=Q?(SOP-23)
Added Component: Designator=Q?(SOP-23)
Added Component: Designator=Q?(SOP-23)
Added Component: Designator=Q?(SOP-23)
Added Component: Designator=Q?(SOP-23)
Added Component: Designator=Q?(SOP-23)
Added Component: Designator=Q?(SOP-23)
Added Component: Designator=Q?(SOP-23)
Added Component: Designator=Q?(SOP-23)
Added Component: Designator=Q?(SOP-23)
Added Component: Designator=Q?(SOP-23)
Added Component: Designator=R?(SMT0805)
Added Component: Designator=R?(SMT0805)
Added Component: Designator=R?(SMT0805)
Added Component: Designator=R?(SMT0805)
Added Component: Designator=R?(SMT0805)
Added Component: Designator=R?(SMT0805)
Added Component: Designator=R?(SMT0805)
Added Component: Designator=R?(SMT0805)
Added Component: Designator=R?(SMT0805)
Added Component: Designator=R?(SMT0805)
Added Component: Designator=R?(SMT0805)
Added Component: Designator=R?(SMT0805)
Added Component: Designator=R?(SMT0805)
Added Component: Designator=R?(SMT0805)
Added Component: Designator=R?(SMT0805)
Added Component: Designator=R?(SMT0805)
Added Component: Designator=R?(SMT0805)
Added Component: Designator=R?(SMT0805)
Added Component: Designator=R?(SMT0805)
Added Component: Designator=R?(SMT0805)
Added Component: Designator=R?(SMT0805)
Added Component: Designator=R?(SMT0805)
Added Component: Designator=R?(SMT0805)
Added Component: Designator=R?(SMT0805)
Added Component: Designator=R?(SMT0805)
Added Component: Designator=R?(SMT0805)
Added Component: Designator=R?(SMT0805)
Added Component: Designator=R?(SMT0805)
Added Component: Designator=R?(SMT0805)
Added Component: Designator=R?(SMT0805)
Added Component: Designator=R?(SMT0805)
Added Component: Designator=R?(SMT0805)
Added Component: Designator=R?(SMT0805)
Added Component: Designator=R?(SMT0805)
Added Component: Designator=R?(SMT0805)
Added Component: Designator=R?(SMT0805)
Added Component: Designator=R?(SMT0805)
Added Component: Designator=R?(SMT0805)
Added Component: Designator=R?(SMT0805)
Added Component: Designator=R?(SMT0805)
Added Component: Designator=R?(SMT0805)
Added Component: Designator=R?(SMT0805)
Added Component: Designator=R?(SMT0805)
Added Component: Designator=R?(SMT0805)
Added Component: Designator=R?(SMT0805)
Added Component: Designator=R?(SMT0805)
Added Component: Designator=R?(SMT0805)
Added Component: Designator=R?(SMT0805)
Added Component: Designator=R?(SMT0805)
Added Component: Designator=R?(SMT0805)
Added Component: Designator=R?(SMT0805)
Added Component: Designator=R?(SMT0805)
Added Component: Designator=R?(SMT0805)
Added Component: Designator=R?(SMT0805)
Added Component: Designator=R?(SMT0805)
Added Component: Designator=R?(SMT0805)
Added Component: Designator=R?(SMT0805)
Added Component: Designator=R?(SMT0805)
Added Component: Designator=R?(SMT0805)
Added Component: Designator=R?(SMT0805)
Added Component: Designator=R?(SMT0805)
Added Component: Designator=R?(SMT0805)
Added Component: Designator=R?(SMT0805)
Added Component: Designator=R?(SMT0805)
Added Component: Designator=R?(SMT0805)
Added Component: Designator=R?(SMT0805)
Added Component: Designator=R?(SMT0805)
Added Component: Designator=R?(SMT0805)
Added Component: Designator=R?(SMT0805)
Added Component: Designator=R?(SMT0805)
Added Component: Designator=R?(SMT0805)
Added Component: Designator=R?(SMT0805)
Added Component: Designator=R?(SMT0805)
Added Component: Designator=R?(SMT0805)
Added Component: Designator=R?(SMT0805)
Added Component: Designator=R?(SMT0805)
Added Component: Designator=R?(SMT0805)
Added Component: Designator=R?(SMT0805)
Added Component: Designator=R?(SMT0805)
Added Component: Designator=R?(SMT0805)
Added Component: Designator=R?(SMT0805)
Added Component: Designator=R?(SMT0805)
Added Component: Designator=R?(SMT0805)
Added Component: Designator=R?(SMT0805)
Added Component: Designator=R?(SMT0805)
Added Component: Designator=R?(SMT0805)
Added Component: Designator=R?(SMT0805)
Added Component: Designator=R?(SMT0805)
Added Component: Designator=R?(SMT0805)
Added Component: Designator=R?(SMT0805)
Added Component: Designator=R?(SMT0805)
Added Component: Designator=R?(SMT0805)
Added Component: Designator=R?(SMT0805)
Added Component: Designator=R?(SMT0805)
Added Component: Designator=R?(SMT0805)
Added Component: Designator=R?(SMT0805)
Added Component: Designator=R?(SMT0805)
Added Component: Designator=R?(SMT0805)
Added Component: Designator=R?(SMT0805)
Added Component: Designator=R?(SMT0805)
Added Component: Designator=R?(SMT0805)
Added Component: Designator=R?(SMT0805)
Added Component: Designator=R?(SMT0805)
Added Component: Designator=R?(SMT0805)
Added Component: Designator=R?(SMT0805)
Added Component: Designator=R?(SMT0805)
Added Component: Designator=R?(SMT0805)
Added Component: Designator=R?(SMT0805)
Added Component: Designator=R?(SMT0805)
Added Component: Designator=R?(SMT0805)
Added Component: Designator=R?(SMT0805)
Added Component: Designator=R?(SMT0805)
Added Component: Designator=R?(SMT0805)
Added Component: Designator=R?(SMT0805)
Added Component: Designator=S?(LOCK_SW_DIP6)
Added Component: Designator=S?(KEY)
Added Component: Designator=U?(SOP_8)
Added Component: Designator=U?(SOP_8)
Added Component: Designator=U?(SOT109-1)
Added Component: Designator=U?(SOT109-1)
Added Component: Designator=U?(SOT109-1)
Added Component: Designator=U?(SOT109-1)
Added Component: Designator=U?(SOT109-1)
Added Component: Designator=U?(SOT109-1)
Added Component: Designator=U?(SOT109-1)
Added Component: Designator=U?(SOT109-1)
Added Component: Designator=U?(DS3231)
Added Component: Designator=U?(LM2575)
Added Component: Designator=U?(LQFP64)
Added Component: Designator=U?(HDR1X4)
Added Component: Designator=U?(RJ45-LED)
Added Component: Designator=U?(SOJ16-T)
Added Component: Designator=U?(LQFP48)
Added Component: Designator=Y?(XTAL_DIP)
Added Component: Designator=Y?(XTAL_DIP)
Added Pin To Net: NetName=GND Pin=BT?-2
Added Pin To Net: NetName=GND Pin=BZ?-2
Added Pin To Net: NetName=GND Pin=C?-1
Added Pin To Net: NetName=GND Pin=C?-1
Added Pin To Net: NetName=GND Pin=C?-1
Added Pin To Net: NetName=GND Pin=C?-1
Added Pin To Net: NetName=NRES_RST# Pin=C?-1
Added Pin To Net: NetName=NRES_RST# Pin=C?-1
Added Pin To Net: NetName=VCC_25 Pin=C?-1
Added Pin To Net: NetName=VCC_25 Pin=C?-1
Added Pin To Net: NetName=VCC_33 Pin=C?-1
Added Pin To Net: NetName=VCC_33 Pin=C?-1
Added Pin To Net: NetName=VCC_33 Pin=C?-1
Added Pin To Net: NetName=VCC_33 Pin=C?-1
Added Pin To Net: NetName=VCC_33 Pin=C?-1
Added Pin To Net: NetName=VCC_33 Pin=C?-1
Added Pin To Net: NetName=VCC_33 Pin=C?-1
Added Pin To Net: NetName=GND Pin=C?-2
Added Pin To Net: NetName=GND Pin=C?-2
Added Pin To Net: NetName=GND Pin=C?-2
Added Pin To Net: NetName=GND Pin=C?-2
Added Pin To Net: NetName=GND Pin=C?-2
Added Pin To Net: NetName=GND Pin=C?-2
Added Pin To Net: NetName=GND Pin=C?-2
Added Pin To Net: NetName=GND Pin=C?-2
Added Pin To Net: NetName=GND Pin=C?-2
Added Pin To Net: NetName=GND Pin=C?-2
Added Pin To Net: NetName=GND Pin=C?-2
Added Pin To Net: NetName=GND Pin=C?-2
Added Pin To Net: NetName=GND Pin=C?-2
Added Pin To Net: NetName=GND Pin=C?-2
Added Pin To Net: NetName=GND Pin=C?-2
Added Pin To Net: NetName=GND Pin=C?-2
Added Pin To Net: NetName=GND Pin=C?-2
Added Pin To Net: NetName=GND Pin=C?-2
Added Pin To Net: NetName=GND Pin=C?-2
Added Pin To Net: NetName=GND Pin=C?-2
Added Pin To Net: NetName=GND Pin=C?-2
Added Pin To Net: NetName=GND Pin=C?-2
Added Pin To Net: NetName=GND Pin=C?-2
Added Pin To Net: NetName=GND Pin=C?-2
Added Pin To Net: NetName=GND Pin=C?-2
Added Pin To Net: NetName=VCC_25 Pin=C?-2
Added Pin To Net: NetName=VCC_33 Pin=C?-2
Added Pin To Net: NetName=VCC_33 Pin=C?-2
Added Pin To Net: NetName=GND Pin=D?-1
Added Pin To Net: NetName=VCC_33 Pin=J?-1
Added Pin To Net: NetName=GND Pin=J?-2
Added Pin To Net: NetName=PA10_RXD Pin=J?-2
Added Pin To Net: NetName=GND Pin=J?-3
Added Pin To Net: NetName=PA9_TXD Pin=J?-3
Added Pin To Net: NetName=GND Pin=J?-4
Added Pin To Net: NetName=VCC_33 Pin=JTAG?-1
Added Pin To Net: NetName=VCC_33 Pin=JTAG?-2
Added Pin To Net: NetName=PB_SD4 Pin=JTAG?-3
Added Pin To Net: NetName=GND Pin=JTAG?-4
Added Pin To Net: NetName=PA15_JTDI Pin=JTAG?-5
Added Pin To Net: NetName=GND Pin=JTAG?-6
Added Pin To Net: NetName=PA13_JTMS Pin=JTAG?-7
Added Pin To Net: NetName=GND Pin=JTAG?-8
Added Pin To Net: NetName=PA14_JTCK Pin=JTAG?-9
Added Pin To Net: NetName=GND Pin=JTAG?-10
Added Pin To Net: NetName=GND Pin=JTAG?-12
Added Pin To Net: NetName=PB_SD3 Pin=JTAG?-13
Added Pin To Net: NetName=GND Pin=JTAG?-14
Added Pin To Net: NetName=NRES_RST# Pin=JTAG?-15
Added Pin To Net: NetName=GND Pin=JTAG?-16
Added Pin To Net: NetName=GND Pin=JTAG?-18
Added Pin To Net: NetName=GND Pin=JTAG?-20
Added Pin To Net: NetName=VCC_33 Pin=L?-2
Added Pin To Net: NetName=GND Pin=Q?-2
Added Pin To Net: NetName=GND Pin=Q?-2
Added Pin To Net: NetName=GND Pin=Q?-2
Added Pin To Net: NetName=GND Pin=Q?-2
Added Pin To Net: NetName=GND Pin=Q?-2
Added Pin To Net: NetName=GND Pin=Q?-2
Added Pin To Net: NetName=GND Pin=Q?-2
Added Pin To Net: NetName=GND Pin=Q?-2
Added Pin To Net: NetName=GND Pin=Q?-2
Added Pin To Net: NetName=GND Pin=Q?-2
Added Pin To Net: NetName=GND Pin=Q?-2
Added Pin To Net: NetName=GND Pin=Q?-2
Added Pin To Net: NetName=GND Pin=Q?-2
Added Pin To Net: NetName=GND Pin=Q?-2
Added Pin To Net: NetName=GND Pin=Q?-2
Added Pin To Net: NetName=GND Pin=Q?-2
Added Pin To Net: NetName=GND Pin=Q?-2
Added Pin To Net: NetName=GND Pin=Q?-2
Added Pin To Net: NetName=GND Pin=Q?-2
Added Pin To Net: NetName=GND Pin=Q?-2
Added Pin To Net: NetName=GND Pin=Q?-2
Added Pin To Net: NetName=GND Pin=Q?-2
Added Pin To Net: NetName=GND Pin=Q?-2
Added Pin To Net: NetName=GND Pin=Q?-2
Added Pin To Net: NetName=GND Pin=Q?-2
Added Pin To Net: NetName=GND Pin=Q?-2
Added Pin To Net: NetName=GND Pin=Q?-2
Added Pin To Net: NetName=GND Pin=Q?-2
Added Pin To Net: NetName=GND Pin=Q?-2
Added Pin To Net: NetName=GND Pin=Q?-2
Added Pin To Net: NetName=GND Pin=Q?-2
Added Pin To Net: NetName=GND Pin=Q?-2
Added Pin To Net: NetName=GND Pin=Q?-2
Added Pin To Net: NetName=GND Pin=Q?-2
Added Pin To Net: NetName=GND Pin=Q?-2
Added Pin To Net: NetName=GND Pin=Q?-2
Added Pin To Net: NetName=GND Pin=Q?-2
Added Pin To Net: NetName=GND Pin=Q?-2
Added Pin To Net: NetName=GND Pin=Q?-2
Added Pin To Net: NetName=GND Pin=Q?-2
Added Pin To Net: NetName=GND Pin=Q?-2
Added Pin To Net: NetName=GND Pin=Q?-2
Added Pin To Net: NetName=GND Pin=Q?-2
Added Pin To Net: NetName=GND Pin=Q?-2
Added Pin To Net: NetName=GND Pin=Q?-2
Added Pin To Net: NetName=GND Pin=Q?-2
Added Pin To Net: NetName=GND Pin=Q?-2
Added Pin To Net: NetName=GND Pin=Q?-2
Added Pin To Net: NetName=GND Pin=Q?-2
Added Pin To Net: NetName=GND Pin=Q?-2
Added Pin To Net: NetName=GND Pin=Q?-2
Added Pin To Net: NetName=GND Pin=Q?-2
Added Pin To Net: NetName=GND Pin=Q?-2
Added Pin To Net: NetName=GND Pin=Q?-2
Added Pin To Net: NetName=GND Pin=Q?-2
Added Pin To Net: NetName=GND Pin=Q?-2
Added Pin To Net: NetName=GND Pin=Q?-2
Added Pin To Net: NetName=GND Pin=Q?-2
Added Pin To Net: NetName=GND Pin=Q?-2
Added Pin To Net: NetName=GND Pin=Q?-2
Added Pin To Net: NetName=GND Pin=Q?-2
Added Pin To Net: NetName=GND Pin=Q?-2
Added Pin To Net: NetName=GND Pin=Q?-2
Added Pin To Net: NetName=GND Pin=Q?-2
Added Pin To Net: NetName=GND Pin=Q?-2
Added Pin To Net: NetName=GND Pin=Q?-2
Added Pin To Net: NetName=GND Pin=Q?-2
Added Pin To Net: NetName=GND Pin=Q?-3
Added Pin To Net: NetName=GND Pin=Q?-3
Added Pin To Net: NetName=GND Pin=R?-1
Added Pin To Net: NetName=GND Pin=R?-1
Added Pin To Net: NetName=GND Pin=R?-1
Added Pin To Net: NetName=GND Pin=R?-1
Added Pin To Net: NetName=PB_SD3 Pin=R?-1
Added Pin To Net: NetName=PB_SD4 Pin=R?-1
Added Pin To Net: NetName=PC0_CLK_INT Pin=R?-1
Added Pin To Net: NetName=VCC_33 Pin=R?-1
Added Pin To Net: NetName=VCC_33 Pin=R?-1
Added Pin To Net: NetName=VCC_33 Pin=R?-1
Added Pin To Net: NetName=VCC_33 Pin=R?-1
Added Pin To Net: NetName=VCC_33 Pin=R?-1
Added Pin To Net: NetName=VCC_33 Pin=R?-1
Added Pin To Net: NetName=GND Pin=R?-2
Added Pin To Net: NetName=GND Pin=R?-2
Added Pin To Net: NetName=NRES_RST# Pin=R?-2
Added Pin To Net: NetName=PA12_BEEZ Pin=R?-2
Added Pin To Net: NetName=PA13_JTMS Pin=R?-2
Added Pin To Net: NetName=PA14_JTCK Pin=R?-2
Added Pin To Net: NetName=PA15_JTDI Pin=R?-2
Added Pin To Net: NetName=PC7_INT Pin=R?-2
Added Pin To Net: NetName=RX+ Pin=R?-2
Added Pin To Net: NetName=RX- Pin=R?-2
Added Pin To Net: NetName=TX+ Pin=R?-2
Added Pin To Net: NetName=TX- Pin=R?-2
Added Pin To Net: NetName=VCC_33 Pin=R?-2
Added Pin To Net: NetName=VCC_33 Pin=R?-2
Added Pin To Net: NetName=VCC_33 Pin=R?-2
Added Pin To Net: NetName=VCC_33 Pin=R?-2
Added Pin To Net: NetName=VCC_33 Pin=R?-2
Added Pin To Net: NetName=VCC_33 Pin=R?-2
Added Pin To Net: NetName=VCC_33 Pin=R?-2
Added Pin To Net: NetName=GND Pin=S?-1
Added Pin To Net: NetName=NRES_RST# Pin=S?-2
Added Pin To Net: NetName=PA2_SHT_DAT Pin=U?-1
Added Pin To Net: NetName=PC13_CLOCK Pin=U?-1
Added Pin To Net: NetName=TX- Pin=U?-1
Added Pin To Net: NetName=GND Pin=U?-2
Added Pin To Net: NetName=PC13_CLOCK Pin=U?-2
Added Pin To Net: NetName=VCC_25 Pin=U?-2
Added Pin To Net: NetName=VCC_33 Pin=U?-2
Added Pin To Net: NetName=GND Pin=U?-3
Added Pin To Net: NetName=PC0_CLK_INT Pin=U?-3
Added Pin To Net: NetName=RX+ Pin=U?-3
Added Pin To Net: NetName=TX+ Pin=U?-3
Added Pin To Net: NetName=VCC_33 Pin=U?-3
Added Pin To Net: NetName=GND Pin=U?-4
Added Pin To Net: NetName=NRES_RST# Pin=U?-4
Added Pin To Net: NetName=PC10_SHT_SCK Pin=U?-4
Added Pin To Net: NetName=RX- Pin=U?-4
Added Pin To Net: NetName=VCC_33 Pin=U?-4
Added Pin To Net: NetName=GND Pin=U?-5
Added Pin To Net: NetName=GND Pin=U?-5
Added Pin To Net: NetName=GND Pin=U?-5
Added Pin To Net: NetName=VCC_25 Pin=U?-5
Added Pin To Net: NetName=GND Pin=U?-6
Added Pin To Net: NetName=GND Pin=U?-6
Added Pin To Net: NetName=RX- Pin=U?-6
Added Pin To Net: NetName=GND Pin=U?-7
Added Pin To Net: NetName=NRES_RST# Pin=U?-7
Added Pin To Net: NetName=TX+ Pin=U?-7
Added Pin To Net: NetName=GND Pin=U?-8
Added Pin To Net: NetName=GND Pin=U?-8
Added Pin To Net: NetName=GND Pin=U?-8
Added Pin To Net: NetName=GND Pin=U?-8
Added Pin To Net: NetName=GND Pin=U?-8
Added Pin To Net: NetName=GND Pin=U?-8
Added Pin To Net: NetName=GND Pin=U?-8
Added Pin To Net: NetName=GND Pin=U?-8
Added Pin To Net: NetName=GND Pin=U?-8
Added Pin To Net: NetName=PC0_CLK_INT Pin=U?-8
Added Pin To Net: NetName=RX+ Pin=U?-8
Added Pin To Net: NetName=TX- Pin=U?-8
Added Pin To Net: NetName=GND Pin=U?-9
Added Pin To Net: NetName=LED2 Pin=U?-9
Added Pin To Net: NetName=VCC_25 Pin=U?-9
Added Pin To Net: NetName=GND Pin=U?-10
Added Pin To Net: NetName=PB_SD7 Pin=U?-10
Added Pin To Net: NetName=VCC_33 Pin=U?-10
Added Pin To Net: NetName=VCC_33 Pin=U?-10
Added Pin To Net: NetName=VCC_33 Pin=U?-10
Added Pin To Net: NetName=VCC_33 Pin=U?-10
Added Pin To Net: NetName=VCC_33 Pin=U?-10
Added Pin To Net: NetName=VCC_33 Pin=U?-10
Added Pin To Net: NetName=VCC_33 Pin=U?-10
Added Pin To Net: NetName=VCC_33 Pin=U?-10
Added Pin To Net: NetName=GND Pin=U?-11
Added Pin To Net: NetName=LED1 Pin=U?-11
Added Pin To Net: NetName=PB_SD6 Pin=U?-11
Added Pin To Net: NetName=GND Pin=U?-12
Added Pin To Net: NetName=GND Pin=U?-12
Added Pin To Net: NetName=PB_SD5 Pin=U?-12
Added Pin To Net: NetName=GND Pin=U?-13
Added Pin To Net: NetName=PB_SD4 Pin=U?-13
Added Pin To Net: NetName=VCC_33 Pin=U?-13
Added Pin To Net: NetName=PB_SD3 Pin=U?-14
Added Pin To Net: NetName=GND Pin=U?-15
Added Pin To Net: NetName=PA2_SHT_DAT Pin=U?-16
Added Pin To Net: NetName=PB_SD2 Pin=U?-16
Added Pin To Net: NetName=VCC_33 Pin=U?-16
Added Pin To Net: NetName=VCC_33 Pin=U?-16
Added Pin To Net: NetName=VCC_33 Pin=U?-16
Added Pin To Net: NetName=VCC_33 Pin=U?-16
Added Pin To Net: NetName=VCC_33 Pin=U?-16
Added Pin To Net: NetName=VCC_33 Pin=U?-16
Added Pin To Net: NetName=VCC_33 Pin=U?-16
Added Pin To Net: NetName=VCC_33 Pin=U?-16
Added Pin To Net: NetName=PA3_ADC_LGT Pin=U?-17
Added Pin To Net: NetName=PB_SD1 Pin=U?-17
Added Pin To Net: NetName=GND Pin=U?-18
Added Pin To Net: NetName=PB_SD0 Pin=U?-18
Added Pin To Net: NetName=VCC_33 Pin=U?-19
Added Pin To Net: NetName=PB_SD15 Pin=U?-22
Added Pin To Net: NetName=VCC_33 Pin=U?-23
Added Pin To Net: NetName=PB_SD14 Pin=U?-24
Added Pin To Net: NetName=PB_SD13 Pin=U?-25
Added Pin To Net: NetName=PB_SD0 Pin=U?-26
Added Pin To Net: NetName=PB_SD12 Pin=U?-26
Added Pin To Net: NetName=PB_SD1 Pin=U?-27
Added Pin To Net: NetName=PB_SD11 Pin=U?-27
Added Pin To Net: NetName=PB_SD2 Pin=U?-28
Added Pin To Net: NetName=PB_SD10 Pin=U?-28
Added Pin To Net: NetName=PB_SD9 Pin=U?-29
Added Pin To Net: NetName=PB_SD10 Pin=U?-29
Added Pin To Net: NetName=PB_SD11 Pin=U?-30
Added Pin To Net: NetName=VCC_33 Pin=U?-30
Added Pin To Net: NetName=GND Pin=U?-31
Added Pin To Net: NetName=PB_SD8 Pin=U?-31
Added Pin To Net: NetName=PC6_CMD Pin=U?-32
Added Pin To Net: NetName=VCC_33 Pin=U?-32
Added Pin To Net: NetName=GND Pin=U?-33
Added Pin To Net: NetName=PB_SD12 Pin=U?-33
Added Pin To Net: NetName=PB_SD13 Pin=U?-34
Added Pin To Net: NetName=PC7_INT Pin=U?-34
Added Pin To Net: NetName=PB_SD14 Pin=U?-35
Added Pin To Net: NetName=PC8_IOR# Pin=U?-35
Added Pin To Net: NetName=PB_SD15 Pin=U?-36
Added Pin To Net: NetName=PC9_IOW# Pin=U?-36
Added Pin To Net: NetName=PC6_CMD Pin=U?-37
Added Pin To Net: NetName=PC12_CS# Pin=U?-37
Added Pin To Net: NetName=LED2 Pin=U?-38
Added Pin To Net: NetName=PC7_INT Pin=U?-38
Added Pin To Net: NetName=LED1 Pin=U?-39
Added Pin To Net: NetName=PC8_IOR# Pin=U?-39
Added Pin To Net: NetName=NRES_RST# Pin=U?-40
Added Pin To Net: NetName=PC9_IOW# Pin=U?-40
Added Pin To Net: NetName=GND Pin=U?-41
Added Pin To Net: NetName=PA9_TXD Pin=U?-42
Added Pin To Net: NetName=VCC_33 Pin=U?-42
Added Pin To Net: NetName=PA10_RXD Pin=U?-43
Added Pin To Net: NetName=PA11_LED Pin=U?-44
Added Pin To Net: NetName=GND Pin=U?-45
Added Pin To Net: NetName=PA12_BEEZ Pin=U?-45
Added Pin To Net: NetName=PA13_JTMS Pin=U?-46
Added Pin To Net: NetName=GND Pin=U?-47
Added Pin To Net: NetName=GND Pin=U?-47
Added Pin To Net: NetName=GND Pin=U?-48
Added Pin To Net: NetName=VCC_33 Pin=U?-48
Added Pin To Net: NetName=C0 Pin=Q?-3
Added Net: Name=C0
Added Pin To Net: NetName=C1 Pin=Q?-3
Added Net: Name=C1
Added Pin To Net: NetName=C2 Pin=Q?-3
Added Net: Name=C2
Added Pin To Net: NetName=C3 Pin=Q?-3
Added Net: Name=C3
Added Pin To Net: NetName=C4 Pin=Q?-3
Added Net: Name=C4
Added Pin To Net: NetName=C5 Pin=Q?-3
Added Net: Name=C5
Added Pin To Net: NetName=C6 Pin=Q?-3
Added Net: Name=C6
Added Pin To Net: NetName=C7 Pin=Q?-3
Added Net: Name=C7
Added Pin To Net: NetName=C8 Pin=Q?-3
Added Net: Name=C8
Added Pin To Net: NetName=C9 Pin=Q?-3
Added Net: Name=C9
Added Pin To Net: NetName=C10 Pin=Q?-3
Added Net: Name=C10
Added Pin To Net: NetName=C11 Pin=Q?-3
Added Net: Name=C11
Added Pin To Net: NetName=C12 Pin=Q?-3
Added Net: Name=C12
Added Pin To Net: NetName=C13 Pin=Q?-3
Added Net: Name=C13
Added Pin To Net: NetName=C14 Pin=Q?-3
Added Net: Name=C14
Added Pin To Net: NetName=C15 Pin=Q?-3
Added Net: Name=C15
Added Pin To Net: NetName=C16 Pin=Q?-3
Added Net: Name=C16
Added Pin To Net: NetName=C17 Pin=Q?-3
Added Net: Name=C17
Added Pin To Net: NetName=C18 Pin=Q?-3
Added Net: Name=C18
Added Pin To Net: NetName=C19 Pin=Q?-3
Added Net: Name=C19
Added Pin To Net: NetName=C20 Pin=Q?-3
Added Net: Name=C20
Added Pin To Net: NetName=C21 Pin=Q?-3
Added Net: Name=C21
Added Pin To Net: NetName=C22 Pin=Q?-3
Added Net: Name=C22
Added Pin To Net: NetName=C23 Pin=Q?-3
Added Net: Name=C23
Added Pin To Net: NetName=C24 Pin=Q?-3
Added Net: Name=C24
Added Pin To Net: NetName=C25 Pin=Q?-3
Added Net: Name=C25
Added Pin To Net: NetName=C26 Pin=Q?-3
Added Net: Name=C26
Added Pin To Net: NetName=C27 Pin=Q?-3
Added Net: Name=C27
Added Pin To Net: NetName=C28 Pin=Q?-3
Added Net: Name=C28
Added Pin To Net: NetName=C29 Pin=Q?-3
Added Net: Name=C29
Added Pin To Net: NetName=C30 Pin=Q?-3
Added Net: Name=C30
Added Pin To Net: NetName=C31 Pin=Q?-3
Added Net: Name=C31
Added Pin To Net: NetName=C32 Pin=Q?-3
Added Net: Name=C32
Added Pin To Net: NetName=C33 Pin=Q?-3
Added Net: Name=C33
Added Pin To Net: NetName=C34 Pin=Q?-3
Added Net: Name=C34
Added Pin To Net: NetName=C35 Pin=Q?-3
Added Net: Name=C35
Added Pin To Net: NetName=C36 Pin=Q?-3
Added Net: Name=C36
Added Pin To Net: NetName=C37 Pin=Q?-3
Added Net: Name=C37
Added Pin To Net: NetName=C38 Pin=Q?-3
Added Net: Name=C38
Added Pin To Net: NetName=C39 Pin=Q?-3
Added Net: Name=C39
Added Pin To Net: NetName=C40 Pin=Q?-3
Added Net: Name=C40
Added Pin To Net: NetName=C41 Pin=Q?-3
Added Net: Name=C41
Added Pin To Net: NetName=C42 Pin=Q?-3
Added Net: Name=C42
Added Pin To Net: NetName=C43 Pin=Q?-3
Added Net: Name=C43
Added Pin To Net: NetName=C44 Pin=Q?-3
Added Net: Name=C44
Added Pin To Net: NetName=C45 Pin=Q?-3
Added Net: Name=C45
Added Pin To Net: NetName=C46 Pin=Q?-3
Added Net: Name=C46
Added Pin To Net: NetName=C47 Pin=Q?-3
Added Net: Name=C47
Added Pin To Net: NetName=C48 Pin=Q?-3
Added Net: Name=C48
Added Pin To Net: NetName=C49 Pin=Q?-3
Added Net: Name=C49
Added Pin To Net: NetName=C50 Pin=Q?-3
Added Net: Name=C50
Added Pin To Net: NetName=C51 Pin=Q?-3
Added Net: Name=C51
Added Pin To Net: NetName=C52 Pin=Q?-3
Added Net: Name=C52
Added Pin To Net: NetName=C53 Pin=Q?-3
Added Net: Name=C53
Added Pin To Net: NetName=C54 Pin=Q?-3
Added Net: Name=C54
Added Pin To Net: NetName=C55 Pin=Q?-3
Added Net: Name=C55
Added Pin To Net: NetName=C56 Pin=Q?-3
Added Net: Name=C56
Added Pin To Net: NetName=C57 Pin=Q?-3
Added Net: Name=C57
Added Pin To Net: NetName=C58 Pin=Q?-3
Added Net: Name=C58
Added Pin To Net: NetName=C59 Pin=Q?-3
Added Net: Name=C59
Added Pin To Net: NetName=HV Pin=C?-1
Added Pin To Net: NetName=HV Pin=D?-2
Added Pin To Net: NetName=HV Pin=R?-2
Added Pin To Net: NetName=HV Pin=R?-2
Added Pin To Net: NetName=HV Pin=R?-2
Added Pin To Net: NetName=HV Pin=R?-2
Added Pin To Net: NetName=HV Pin=R?-2
Added Pin To Net: NetName=HV Pin=R?-2
Added Pin To Net: NetName=HV Pin=R?-2
Added Pin To Net: NetName=HV Pin=R?-2
Added Pin To Net: NetName=HV Pin=R?-2
Added Pin To Net: NetName=HV Pin=R?-2
Added Pin To Net: NetName=HV Pin=R?-2
Added Net: Name=HV
Added Pin To Net: NetName=Net*_11 Pin=R?-1
Added Net: Name=Net*_11
Added Pin To Net: NetName=NetBT?_1 Pin=BT?-1
Added Pin To Net: NetName=NetBT?_1 Pin=C?-2
Added Pin To Net: NetName=NetBT?_1 Pin=U?-14
Added Net: Name=NetBT?_1
Added Pin To Net: NetName=NetBZ?_1 Pin=BZ?-1
Added Pin To Net: NetName=NetBZ?_1 Pin=Q?-3
Added Net: Name=NetBZ?_1
Added Pin To Net: NetName=NetC?_1 Pin=C?-1
Added Pin To Net: NetName=NetC?_1 Pin=C?-1
Added Pin To Net: NetName=NetC?_1 Pin=C?-1
Added Net: Name=NetC?_1
Added Pin To Net: NetName=NetC?_2 Pin=C?-2
Added Pin To Net: NetName=NetC?_2 Pin=R?-2
Added Pin To Net: NetName=NetC?_2 Pin=R?-2
Added Pin To Net: NetName=NetC?_2 Pin=R?-2
Added Net: Name=NetC?_2
Added Pin To Net: NetName=NetD?_1 Pin=D?-1
Added Pin To Net: NetName=NetD?_1 Pin=R?-1
Added Net: Name=NetD?_1
Added Pin To Net: NetName=NetD?_2 Pin=D?-2
Added Pin To Net: NetName=NetD?_2 Pin=Q?-3
Added Net: Name=NetD?_2
Added Pin To Net: NetName=NetD?_3 Pin=R?-2
Added Net: Name=NetD?_3
Added Pin To Net: NetName=NetD?_4 Pin=Q?-3
Added Net: Name=NetD?_4
Added Pin To Net: NetName=NetD?_5 Pin=Q?-3
Added Net: Name=NetD?_5
Added Pin To Net: NetName=NetD?_6 Pin=Q?-3
Added Net: Name=NetD?_6
Added Pin To Net: NetName=NetQ?_1 Pin=Q?-1
Added Pin To Net: NetName=NetQ?_1 Pin=R?-2
Added Net: Name=NetQ?_1
Added Pin To Net: NetName=NetQ?_2 Pin=Q?-2
Added Pin To Net: NetName=NetQ?_2 Pin=R?-2
Added Net: Name=NetQ?_2
Added Pin To Net: NetName=NetR?_1 Pin=R?-1
Added Pin To Net: NetName=NetR?_1 Pin=U?-12
Added Net: Name=NetR?_1
Added Pin To Net: NetName=NetR?_2 Pin=R?-2
Added Pin To Net: NetName=NetR?_2 Pin=U?-15
Added Net: Name=NetR?_2
Added Pin To Net: NetName=NetU?_1 Pin=U?-1
Added Pin To Net: NetName=NetU?_1 Pin=U?-9
Added Net: Name=NetU?_1
Added Pin To Net: NetName=NetU?_2 Pin=U?-2
Added Pin To Net: NetName=NetU?_2 Pin=U?-11
Added Net: Name=NetU?_2
Added Pin To Net: NetName=NetU?_3 Pin=U?-3
Added Pin To Net: NetName=NetU?_3 Pin=U?-14
Added Net: Name=NetU?_3
Added Pin To Net: NetName=NetU?_6 Pin=U?-6
Added Pin To Net: NetName=NetU?_6 Pin=U?-16
Added Net: Name=NetU?_6
Added Pin To Net: NetName=PA0_HV Pin=R?-1
Added Pin To Net: NetName=PA0_HV Pin=U?-14
Added Net: Name=PA0_HV
Added Pin To Net: NetName=PA1_DO1 Pin=R?-1
Added Pin To Net: NetName=PA1_DO1 Pin=U?-15
Added Net: Name=PA1_DO1
Added Pin To Net: NetName=PA4_ST Pin=U?-12
Added Pin To Net: NetName=PA4_ST Pin=U?-12
Added Pin To Net: NetName=PA4_ST Pin=U?-12
Added Pin To Net: NetName=PA4_ST Pin=U?-12
Added Pin To Net: NetName=PA4_ST Pin=U?-12
Added Pin To Net: NetName=PA4_ST Pin=U?-12
Added Pin To Net: NetName=PA4_ST Pin=U?-12
Added Pin To Net: NetName=PA4_ST Pin=U?-12
Added Pin To Net: NetName=PA4_ST Pin=U?-20
Added Net: Name=PA4_ST
Added Pin To Net: NetName=PA5_SH Pin=U?-11
Added Pin To Net: NetName=PA5_SH Pin=U?-11
Added Pin To Net: NetName=PA5_SH Pin=U?-11
Added Pin To Net: NetName=PA5_SH Pin=U?-11
Added Pin To Net: NetName=PA5_SH Pin=U?-11
Added Pin To Net: NetName=PA5_SH Pin=U?-11
Added Pin To Net: NetName=PA5_SH Pin=U?-11
Added Pin To Net: NetName=PA5_SH Pin=U?-11
Added Pin To Net: NetName=PA5_SH Pin=U?-21
Added Net: Name=PA5_SH
Added Pin To Net: NetName=PA6_G Pin=U?-14
Added Net: Name=PA6_G
Added Pin To Net: NetName=PA6_MO Pin=U?-14
Added Pin To Net: NetName=PA6_MO Pin=U?-22
Added Net: Name=PA6_MO
Added Pin To Net: NetName=PA7_DO2 Pin=R?-1
Added Pin To Net: NetName=PA7_DO2 Pin=U?-23
Added Net: Name=PA7_DO2
Added Pin To Net: NetName=PA8_DO3 Pin=R?-1
Added Pin To Net: NetName=PA8_DO3 Pin=U?-41
Added Net: Name=PA8_DO3
Added Pin To Net: NetName=PC1_OE Pin=U?-9
Added Pin To Net: NetName=PC1_OE Pin=U?-13
Added Pin To Net: NetName=PC1_OE Pin=U?-13
Added Pin To Net: NetName=PC1_OE Pin=U?-13
Added Pin To Net: NetName=PC1_OE Pin=U?-13
Added Pin To Net: NetName=PC1_OE Pin=U?-13
Added Pin To Net: NetName=PC1_OE Pin=U?-13
Added Pin To Net: NetName=PC1_OE Pin=U?-13
Added Pin To Net: NetName=PC1_OE Pin=U?-13
Added Net: Name=PC1_OE
Added Pin To Net: NetName=PC2_LEDR Pin=R?-2
Added Pin To Net: NetName=PC2_LEDR Pin=U?-10
Added Net: Name=PC2_LEDR
Added Pin To Net: NetName=PC3_LEDG Pin=R?-2
Added Pin To Net: NetName=PC3_LEDG Pin=U?-11
Added Net: Name=PC3_LEDG
Added Pin To Net: NetName=PC4_LEDB Pin=R?-2
Added Pin To Net: NetName=PC4_LEDB Pin=U?-24
Added Net: Name=PC4_LEDB
Added Pin To Net: NetName=PC14_SCL Pin=R?-1
Added Pin To Net: NetName=PC14_SCL Pin=U?-3
Added Pin To Net: NetName=PC14_SCL Pin=U?-16
Added Net: Name=PC14_SCL
Added Pin To Net: NetName=PC15_SDA Pin=R?-1
Added Pin To Net: NetName=PC15_SDA Pin=U?-4
Added Pin To Net: NetName=PC15_SDA Pin=U?-15
Added Net: Name=PC15_SDA
Added Pin To Net: NetName=PD2_DO4 Pin=R?-1
Added Net: Name=PD2_DO4
Added Pin To Net: NetName=S0 Pin=Q?-1
Added Pin To Net: NetName=S0 Pin=R?-1
Added Net: Name=S0
Added Pin To Net: NetName=S1 Pin=Q?-1
Added Pin To Net: NetName=S1 Pin=R?-1
Added Net: Name=S1
Added Pin To Net: NetName=S2 Pin=Q?-1
Added Pin To Net: NetName=S2 Pin=R?-1
Added Net: Name=S2
Added Pin To Net: NetName=S3 Pin=Q?-1
Added Pin To Net: NetName=S3 Pin=R?-1
Added Net: Name=S3
Added Pin To Net: NetName=S4 Pin=Q?-1
Added Pin To Net: NetName=S4 Pin=R?-1
Added Net: Name=S4
Added Pin To Net: NetName=S5 Pin=Q?-1
Added Pin To Net: NetName=S5 Pin=R?-1
Added Net: Name=S5
Added Pin To Net: NetName=S6 Pin=Q?-1
Added Pin To Net: NetName=S6 Pin=R?-1
Added Net: Name=S6
Added Pin To Net: NetName=S7 Pin=Q?-1
Added Pin To Net: NetName=S7 Pin=R?-1
Added Net: Name=S7
Added Pin To Net: NetName=S8 Pin=Q?-1
Added Pin To Net: NetName=S8 Pin=R?-1
Added Net: Name=S8
Added Pin To Net: NetName=S9 Pin=Q?-1
Added Pin To Net: NetName=S9 Pin=R?-1
Added Net: Name=S9
Added Pin To Net: NetName=S10 Pin=Q?-1
Added Pin To Net: NetName=S10 Pin=R?-1
Added Net: Name=S10
Added Pin To Net: NetName=S11 Pin=Q?-1
Added Pin To Net: NetName=S11 Pin=R?-1
Added Net: Name=S11
Added Pin To Net: NetName=S12 Pin=Q?-1
Added Pin To Net: NetName=S12 Pin=R?-1
Added Net: Name=S12
Added Pin To Net: NetName=S13 Pin=Q?-1
Added Pin To Net: NetName=S13 Pin=R?-1
Added Net: Name=S13
Added Pin To Net: NetName=S14 Pin=Q?-1
Added Pin To Net: NetName=S14 Pin=R?-1
Added Net: Name=S14
Added Pin To Net: NetName=S15 Pin=Q?-1
Added Pin To Net: NetName=S15 Pin=R?-1
Added Net: Name=S15
Added Pin To Net: NetName=S16 Pin=Q?-1
Added Pin To Net: NetName=S16 Pin=R?-1
Added Net: Name=S16
Added Pin To Net: NetName=S17 Pin=Q?-1
Added Pin To Net: NetName=S17 Pin=R?-1
Added Net: Name=S17
Added Pin To Net: NetName=S18 Pin=Q?-1
Added Pin To Net: NetName=S18 Pin=R?-1
Added Net: Name=S18
Added Pin To Net: NetName=S19 Pin=Q?-1
Added Pin To Net: NetName=S19 Pin=R?-1
Added Net: Name=S19
Added Pin To Net: NetName=S20 Pin=Q?-1
Added Pin To Net: NetName=S20 Pin=R?-1
Added Net: Name=S20
Added Pin To Net: NetName=S21 Pin=Q?-1
Added Pin To Net: NetName=S21 Pin=R?-1
Added Net: Name=S21
Added Pin To Net: NetName=S22 Pin=Q?-1
Added Pin To Net: NetName=S22 Pin=R?-1
Added Net: Name=S22
Added Pin To Net: NetName=S23 Pin=Q?-1
Added Pin To Net: NetName=S23 Pin=R?-1
Added Net: Name=S23
Added Pin To Net: NetName=S24 Pin=Q?-1
Added Pin To Net: NetName=S24 Pin=R?-1
Added Net: Name=S24
Added Pin To Net: NetName=S25 Pin=Q?-1
Added Pin To Net: NetName=S25 Pin=R?-1
Added Net: Name=S25
Added Pin To Net: NetName=S26 Pin=Q?-1
Added Pin To Net: NetName=S26 Pin=R?-1
Added Net: Name=S26
Added Pin To Net: NetName=S27 Pin=Q?-1
Added Pin To Net: NetName=S27 Pin=R?-1
Added Net: Name=S27
Added Pin To Net: NetName=S28 Pin=Q?-1
Added Pin To Net: NetName=S28 Pin=R?-1
Added Net: Name=S28
Added Pin To Net: NetName=S29 Pin=Q?-1
Added Pin To Net: NetName=S29 Pin=R?-1
Added Net: Name=S29
Added Pin To Net: NetName=S30 Pin=Q?-1
Added Pin To Net: NetName=S30 Pin=R?-1
Added Net: Name=S30
Added Pin To Net: NetName=S31 Pin=Q?-1
Added Pin To Net: NetName=S31 Pin=R?-1
Added Net: Name=S31
Added Pin To Net: NetName=S32 Pin=Q?-1
Added Pin To Net: NetName=S32 Pin=R?-1
Added Net: Name=S32
Added Pin To Net: NetName=S33 Pin=Q?-1
Added Pin To Net: NetName=S33 Pin=R?-1
Added Net: Name=S33
Added Pin To Net: NetName=S34 Pin=Q?-1
Added Pin To Net: NetName=S34 Pin=R?-1
Added Net: Name=S34
Added Pin To Net: NetName=S35 Pin=Q?-1
Added Pin To Net: NetName=S35 Pin=R?-1
Added Net: Name=S35
Added Pin To Net: NetName=S36 Pin=Q?-1
Added Pin To Net: NetName=S36 Pin=R?-1
Added Net: Name=S36
Added Pin To Net: NetName=S37 Pin=Q?-1
Added Pin To Net: NetName=S37 Pin=R?-1
Added Net: Name=S37
Added Pin To Net: NetName=S38 Pin=Q?-1
Added Pin To Net: NetName=S38 Pin=R?-1
Added Net: Name=S38
Added Pin To Net: NetName=S39 Pin=Q?-1
Added Pin To Net: NetName=S39 Pin=R?-1
Added Net: Name=S39
Added Pin To Net: NetName=S40 Pin=Q?-1
Added Pin To Net: NetName=S40 Pin=R?-1
Added Net: Name=S40
Added Pin To Net: NetName=S41 Pin=Q?-1
Added Pin To Net: NetName=S41 Pin=R?-1
Added Net: Name=S41
Added Pin To Net: NetName=S42 Pin=Q?-1
Added Pin To Net: NetName=S42 Pin=R?-1
Added Net: Name=S42
Added Pin To Net: NetName=S43 Pin=Q?-1
Added Pin To Net: NetName=S43 Pin=R?-1
Added Net: Name=S43
Added Pin To Net: NetName=S44 Pin=Q?-1
Added Pin To Net: NetName=S44 Pin=R?-1
Added Net: Name=S44
Added Pin To Net: NetName=S45 Pin=Q?-1
Added Pin To Net: NetName=S45 Pin=R?-1
Added Net: Name=S45
Added Pin To Net: NetName=S46 Pin=Q?-1
Added Pin To Net: NetName=S46 Pin=R?-1
Added Net: Name=S46
Added Pin To Net: NetName=S47 Pin=Q?-1
Added Pin To Net: NetName=S47 Pin=R?-1
Added Net: Name=S47
Added Pin To Net: NetName=S48 Pin=Q?-1
Added Pin To Net: NetName=S48 Pin=R?-1
Added Net: Name=S48
Added Pin To Net: NetName=S49 Pin=Q?-1
Added Pin To Net: NetName=S49 Pin=R?-1
Added Net: Name=S49
Added Pin To Net: NetName=S50 Pin=Q?-1
Added Pin To Net: NetName=S50 Pin=R?-1
Added Net: Name=S50
Added Pin To Net: NetName=S51 Pin=Q?-1
Added Pin To Net: NetName=S51 Pin=R?-1
Added Net: Name=S51
Added Pin To Net: NetName=S52 Pin=Q?-1
Added Pin To Net: NetName=S52 Pin=R?-1
Added Net: Name=S52
Added Pin To Net: NetName=S53 Pin=Q?-1
Added Pin To Net: NetName=S53 Pin=R?-1
Added Net: Name=S53
Added Pin To Net: NetName=S54 Pin=Q?-1
Added Pin To Net: NetName=S54 Pin=R?-1
Added Net: Name=S54
Added Pin To Net: NetName=S55 Pin=Q?-1
Added Pin To Net: NetName=S55 Pin=R?-1
Added Net: Name=S55
Added Pin To Net: NetName=S56 Pin=Q?-1
Added Pin To Net: NetName=S56 Pin=R?-1
Added Net: Name=S56
Added Pin To Net: NetName=S57 Pin=Q?-1
Added Pin To Net: NetName=S57 Pin=R?-1
Added Net: Name=S57
Added Pin To Net: NetName=S58 Pin=Q?-1
Added Pin To Net: NetName=S58 Pin=R?-1
Added Net: Name=S58
Added Pin To Net: NetName=S59 Pin=Q?-1
Added Pin To Net: NetName=S59 Pin=R?-1
Added Net: Name=S59
Added Pin To Net: NetName=S60 Pin=R?-1
Added Net: Name=S60
Added Pin To Net: NetName=SOC_A Pin=U?-9
Added Pin To Net: NetName=SOC_A Pin=U?-14
Added Net: Name=SOC_A
Added Pin To Net: NetName=SOC_B Pin=U?-9
Added Pin To Net: NetName=SOC_B Pin=U?-14
Added Net: Name=SOC_B
Added Pin To Net: NetName=SOC_C Pin=U?-9
Added Pin To Net: NetName=SOC_C Pin=U?-14
Added Net: Name=SOC_C
Added Pin To Net: NetName=SOC_D Pin=U?-9
Added Pin To Net: NetName=SOC_D Pin=U?-14
Added Net: Name=SOC_D
Added Pin To Net: NetName=SOC_E Pin=U?-9
Added Pin To Net: NetName=SOC_E Pin=U?-14
Added Net: Name=SOC_E
Added Pin To Net: NetName=SOC_F Pin=U?-9
Added Pin To Net: NetName=SOC_F Pin=U?-14
Added Net: Name=SOC_F
Added Pin To Net: NetName=SOC_G Pin=U?-9
Added Net: Name=SOC_G
Added Pin To Net: NetName=VCC_12 Pin=C?-1
Added Pin To Net: NetName=VCC_12 Pin=C?-1
Added Pin To Net: NetName=VCC_12 Pin=C?-1
Added Pin To Net: NetName=VCC_12 Pin=J?-1
Added Pin To Net: NetName=VCC_12 Pin=Q?-3
Added Pin To Net: NetName=VCC_12 Pin=R?-1
Added Pin To Net: NetName=VCC_12 Pin=R?-1
Added Pin To Net: NetName=VCC_12 Pin=R?-2
Added Pin To Net: NetName=VCC_12 Pin=S?-2
Added Pin To Net: NetName=VCC_12 Pin=U?-1
Added Pin To Net: NetName=VCC_12 Pin=U?-1
Added Pin To Net: NetName=VCC_12 Pin=U?-2
Added Pin To Net: NetName=VCC_12 Pin=U?-3
Added Net: Name=VCC_12
Added Member To Class: ClassName=Sheet Member=Component BT? Battery
Added Member To Class: ClassName=Sheet Member=Component BZ? BELL
Added Member To Class: ClassName=Sheet Member=Component C? Cap Pol1
Added Member To Class: ClassName=Sheet Member=Component D? LED0
Added Member To Class: ClassName=Sheet Member=Component J? PWR2.5
Added Member To Class: ClassName=Sheet Member=Component JTAG? Header 10X2H
Added Member To Class: ClassName=Sheet Member=Component L? 330uH
Added Member To Class: ClassName=Sheet Member=Component Q? A40
Added Member To Class: ClassName=Sheet Member=Component R? Res2
Added Member To Class: ClassName=Sheet Member=Component S? Header 3X2A
Added Member To Class: ClassName=Sheet Member=Component U? AO4423L
Added Member To Class: ClassName=Sheet Member=Component Y? 25M
Added Room: Name=Sheet
