Change Component Comment : Designator=U2 Old Comment=LM2596 New Comment=*
Change Component Designator: OldDesignator=C27 NewDesignator=C29
Change Component Designator: OldDesignator=C28 NewDesignator=C27
Change Component Designator: OldDesignator=C29 NewDesignator=C28
Change Component Designator: OldDesignator=D4 NewDesignator=D12
Change Component Designator: OldDesignator=D5 NewDesignator=D13
Change Component Designator: OldDesignator=D6 NewDesignator=D14
Change Component Designator: OldDesignator=D7 NewDesignator=D15
Change Component Designator: OldDesignator=Q68 NewDesignator=Q69
Change Component Designator: OldDesignator=Q69 NewDesignator=Q70
Change Component Designator: OldDesignator=Q70 NewDesignator=Q71
Change Component Designator: OldDesignator=Q71 NewDesignator=Q72
Change Component Designator: OldDesignator=Q72 NewDesignator=Q73
Change Component Designator: OldDesignator=R64 NewDesignator=R63
Change Component Designator: OldDesignator=R65 NewDesignator=R64
Change Component Designator: OldDesignator=R66 NewDesignator=R65
Change Component Designator: OldDesignator=R67 NewDesignator=R66
Change Component Designator: OldDesignator=R68 NewDesignator=R67
Change Component Designator: OldDesignator=R69 NewDesignator=R68
Change Component Designator: OldDesignator=R70 NewDesignator=R69
Change Component Designator: OldDesignator=R72 NewDesignator=R70
Change Component Designator: OldDesignator=R73 NewDesignator=R71
Change Component Designator: OldDesignator=R74 NewDesignator=R72
Change Component Designator: OldDesignator=R75 NewDesignator=R73
Change Component Designator: OldDesignator=R76 NewDesignator=R74
Change Component Designator: OldDesignator=R77 NewDesignator=R75
Change Component Designator: OldDesignator=R78 NewDesignator=R76
Change Component Designator: OldDesignator=R80 NewDesignator=R77
Change Component Designator: OldDesignator=R81 NewDesignator=R78
Change Component Designator: OldDesignator=R82 NewDesignator=R79
Change Component Designator: OldDesignator=R83 NewDesignator=R80
Change Component Designator: OldDesignator=R84 NewDesignator=R81
Change Component Designator: OldDesignator=R85 NewDesignator=R82
Change Component Designator: OldDesignator=R86 NewDesignator=R83
Change Component Designator: OldDesignator=R88 NewDesignator=R84
Change Component Designator: OldDesignator=R89 NewDesignator=R94
Change Component Designator: OldDesignator=R90 NewDesignator=R95
Change Component Designator: OldDesignator=R91 NewDesignator=R96
Change Component Designator: OldDesignator=R92 NewDesignator=R97
Change Component Designator: OldDesignator=R93 NewDesignator=R98
Change Component Designator: OldDesignator=R94 NewDesignator=R99
Change Component Designator: OldDesignator=R95 NewDesignator=R100
Change Component Designator: OldDesignator=R96 NewDesignator=R101
Change Component Designator: OldDesignator=R97 NewDesignator=R102
Change Component Designator: OldDesignator=R98 NewDesignator=R103
Change Component Designator: OldDesignator=R99 NewDesignator=R110
Change Component Designator: OldDesignator=R100 NewDesignator=R111
Change Component Designator: OldDesignator=R101 NewDesignator=R112
Change Component Designator: OldDesignator=R102 NewDesignator=R113
Change Component Designator: OldDesignator=R103 NewDesignator=R104
Change Component Designator: OldDesignator=R104 NewDesignator=R106
Change Component Designator: OldDesignator=R105 NewDesignator=R107
Change Component Designator: OldDesignator=R106 NewDesignator=R108
Change Component Designator: OldDesignator=R107 NewDesignator=R109
Change Component Designator: OldDesignator=R108 NewDesignator=R105
Change Component Designator: OldDesignator=R109 NewDesignator=R114
Change Component Designator: OldDesignator=R110 NewDesignator=R115
Change Component Designator: OldDesignator=R111 NewDesignator=R116
Change Component Designator: OldDesignator=R112 NewDesignator=R119
Change Component Designator: OldDesignator=R113 NewDesignator=R117
Change Component Designator: OldDesignator=R114 NewDesignator=R118
Added Component: Designator=D4(NEON-DIP2)
Added Component: Designator=D5(NEON-DIP2)
Added Component: Designator=D6(NEON-DIP2)
Added Component: Designator=D7(NEON-DIP2)
Added Component: Designator=D8(NEON-DIP2)
Added Component: Designator=D9(NEON-DIP2)
Added Component: Designator=D10(NEON-DIP2)
Added Component: Designator=D11(NEON-DIP2)
Added Component: Designator=Q68(SOP-23)
Added Component: Designator=R85(SMT0805)
Added Component: Designator=R86(SMT0805)
Added Component: Designator=R87(SMT0805)
Added Component: Designator=R88(SMT0805)
Added Component: Designator=R89(SMT0805)
Added Component: Designator=R90(SMT0805)
Added Component: Designator=R91(SMT0805)
Added Component: Designator=R92(SMT0805)
Added Component: Designator=R93(SMT0805)
Added Pin To Net: NetName=GND Pin=Q68-2
Added Pin To Net: NetName=VCC_12 Pin=R85-2
Added Pin To Net: NetName=VCC_12 Pin=R86-2
Added Pin To Net: NetName=VCC_12 Pin=R87-2
Added Pin To Net: NetName=VCC_12 Pin=R88-2
Added Pin To Net: NetName=VCC_12 Pin=R89-2
Added Pin To Net: NetName=VCC_12 Pin=R90-2
Added Pin To Net: NetName=VCC_12 Pin=R91-2
Added Pin To Net: NetName=VCC_12 Pin=R92-2
Change Net Name : Old Net Name=NetC28_1 New Net Name=NetC27_1
Change Net Name : Old Net Name=NetD4_1 New Net Name=NetD12_1
Change Net Name : Old Net Name=NetD4_2 New Net Name=NetD12_2
Change Net Name : Old Net Name=NetD5_1 New Net Name=NetD13_1
Change Net Name : Old Net Name=NetD5_2 New Net Name=NetD13_2
Change Net Name : Old Net Name=NetD6_1 New Net Name=NetD14_1
Change Net Name : Old Net Name=NetD6_2 New Net Name=NetD14_2
Change Net Name : Old Net Name=NetD7_1 New Net Name=NetD15_1
Change Net Name : Old Net Name=NetD7_2 New Net Name=NetD15_2
Change Net Name : Old Net Name=NetQ68_1 New Net Name=NetQ69_1
Change Net Name : Old Net Name=NetQ68_2 New Net Name=NetQ69_2
Change Net Name : Old Net Name=NetQ69_1 New Net Name=NetQ70_1
Change Net Name : Old Net Name=NetQ70_1 New Net Name=NetQ71_1
Change Net Name : Old Net Name=NetQ71_1 New Net Name=NetQ72_1
Change Net Name : Old Net Name=NetQ72_1 New Net Name=NetQ73_1
Change Net Name : Old Net Name=NetR64_2 New Net Name=NetR63_2
Change Net Name : Old Net Name=NetR65_2 New Net Name=NetR64_2
Change Net Name : Old Net Name=NetR66_2 New Net Name=NetR65_2
Change Net Name : Old Net Name=NetR67_2 New Net Name=NetR66_2
Change Net Name : Old Net Name=NetR68_2 New Net Name=NetR67_2
Change Net Name : Old Net Name=NetR69_2 New Net Name=NetR68_2
Change Net Name : Old Net Name=NetR70_2 New Net Name=NetR69_2
Change Net Name : Old Net Name=NetR72_2 New Net Name=NetR70_2
Change Net Name : Old Net Name=NetR73_2 New Net Name=NetR71_2
Change Net Name : Old Net Name=NetR74_2 New Net Name=NetR72_2
Change Net Name : Old Net Name=NetR75_2 New Net Name=NetR73_2
Change Net Name : Old Net Name=NetR76_2 New Net Name=NetR74_2
Change Net Name : Old Net Name=NetR77_2 New Net Name=NetR75_2
Change Net Name : Old Net Name=NetR78_2 New Net Name=NetR76_2
Change Net Name : Old Net Name=NetR80_2 New Net Name=NetR77_2
Change Net Name : Old Net Name=NetR81_2 New Net Name=NetR78_2
Change Net Name : Old Net Name=NetR82_2 New Net Name=NetR79_2
Change Net Name : Old Net Name=NetR83_2 New Net Name=NetR80_2
Change Net Name : Old Net Name=NetR84_2 New Net Name=NetR81_2
Change Net Name : Old Net Name=NetR85_2 New Net Name=NetR82_2
Change Net Name : Old Net Name=NetR86_2 New Net Name=NetR83_2
Change Net Name : Old Net Name=NetR94_1 New Net Name=NetR99_1
Change Net Name : Old Net Name=NetR95_1 New Net Name=NetR100_1
Change Net Name : Old Net Name=NetR96_1 New Net Name=NetR101_1
Change Net Name : Old Net Name=NetR97_1 New Net Name=NetR102_1
Change Net Name : Old Net Name=NetR98_1 New Net Name=NetR103_1
Added Pin To Net: NetName=NetD4_1 Pin=D4-1
Added Pin To Net: NetName=NetD4_1 Pin=R85-1
Added Net: Name=NetD4_1
Added Pin To Net: NetName=NetD4_2 Pin=D4-2
Added Pin To Net: NetName=NetD4_2 Pin=D5-2
Added Pin To Net: NetName=NetD4_2 Pin=D6-2
Added Pin To Net: NetName=NetD4_2 Pin=D7-2
Added Pin To Net: NetName=NetD4_2 Pin=D8-2
Added Pin To Net: NetName=NetD4_2 Pin=D9-2
Added Pin To Net: NetName=NetD4_2 Pin=D10-2
Added Pin To Net: NetName=NetD4_2 Pin=D11-2
Added Pin To Net: NetName=NetD4_2 Pin=Q68-3
Added Net: Name=NetD4_2
Added Pin To Net: NetName=NetD5_1 Pin=D5-1
Added Pin To Net: NetName=NetD5_1 Pin=R86-1
Added Net: Name=NetD5_1
Added Pin To Net: NetName=NetD6_1 Pin=D6-1
Added Pin To Net: NetName=NetD6_1 Pin=R87-1
Added Net: Name=NetD6_1
Added Pin To Net: NetName=NetD7_1 Pin=D7-1
Added Pin To Net: NetName=NetD7_1 Pin=R88-1
Added Net: Name=NetD7_1
Added Pin To Net: NetName=NetD8_1 Pin=D8-1
Added Pin To Net: NetName=NetD8_1 Pin=R89-1
Added Net: Name=NetD8_1
Added Pin To Net: NetName=NetD9_1 Pin=D9-1
Added Pin To Net: NetName=NetD9_1 Pin=R90-1
Added Net: Name=NetD9_1
Added Pin To Net: NetName=NetD10_1 Pin=D10-1
Added Pin To Net: NetName=NetD10_1 Pin=R91-1
Added Net: Name=NetD10_1
Added Pin To Net: NetName=NetD11_1 Pin=D11-1
Added Pin To Net: NetName=NetD11_1 Pin=R92-1
Added Net: Name=NetD11_1
Added Pin To Net: NetName=NetQ68_1 Pin=Q68-1
Added Pin To Net: NetName=NetQ68_1 Pin=R93-2
Added Net: Name=NetQ68_1
Added Pin To Net: NetName=PC11_BASE_LED Pin=R93-1
Added Pin To Net: NetName=PC11_BASE_LED Pin=U1-52
Added Net: Name=PC11_BASE_LED
Added Member To Class: ClassName=Sheet Member=Component D8 LED0
Added Member To Class: ClassName=Sheet Member=Component D9 LED0
Added Member To Class: ClassName=Sheet Member=Component D10 LED0
Added Member To Class: ClassName=Sheet Member=Component D11 LED0
Added Member To Class: ClassName=Sheet Member=Component D12 LED0
Added Member To Class: ClassName=Sheet Member=Component D13 LED0
Added Member To Class: ClassName=Sheet Member=Component D14 LED0
Added Member To Class: ClassName=Sheet Member=Component D15 LED0
Added Member To Class: ClassName=Sheet Member=Component Q73 A40
Added Member To Class: ClassName=Sheet Member=Component R85 Res2
Added Member To Class: ClassName=Sheet Member=Component R86 Res2
Added Member To Class: ClassName=Sheet Member=Component R87 Res2
Added Member To Class: ClassName=Sheet Member=Component R88 Res2
Added Member To Class: ClassName=Sheet Member=Component R115 Res2
Added Member To Class: ClassName=Sheet Member=Component R116 Res2
Added Member To Class: ClassName=Sheet Member=Component R117 Res2
Added Member To Class: ClassName=Sheet Member=Component R118 Res2
Added Member To Class: ClassName=Sheet Member=Component R119 Res2
